0 info it worked if it ends with ok
1 verbose cli [ '/Users/andregeng/.nvm/versions/node/v6.9.4/bin/node',
1 verbose cli   '/Users/andregeng/.nvm/versions/node/v6.9.4/bin/npm',
1 verbose cli   'start' ]
2 info using npm@3.10.10
3 info using node@v6.9.4
4 verbose run-script [ 'prestart', 'start', 'poststart' ]
5 info lifecycle andregeng.github.io@1.0.0~prestart: andregeng.github.io@1.0.0
6 silly lifecycle andregeng.github.io@1.0.0~prestart: no script for prestart, continuing
7 info lifecycle andregeng.github.io@1.0.0~start: andregeng.github.io@1.0.0
8 verbose lifecycle andregeng.github.io@1.0.0~start: unsafe-perm in lifecycle true
9 verbose lifecycle andregeng.github.io@1.0.0~start: PATH: /Users/andregeng/.nvm/versions/node/v6.9.4/lib/node_modules/npm/bin/node-gyp-bin:/Users/andregeng/Documents/unremitting/AndreGeng.github.io/node_modules/.bin:/Users/andregeng/.nvm/versions/node/v6.9.4/bin:/Users/andregeng/.rvm/gems/ruby-2.2.1/bin:/Users/andregeng/.rvm/gems/ruby-2.2.1@global/bin:/Users/andregeng/.rvm/rubies/ruby-2.2.1/bin:/usr/local/bin:/usr/bin:/bin:/usr/sbin:/sbin:/Users/andregeng/.rvm/bin:/Users/andregeng/.yarn/bin:/Library/Java/Home/bin:/Users/andregeng/Library/Android/sdk/tools:/Users/andregeng/Library/Android/sdk/platform-tools
10 verbose lifecycle andregeng.github.io@1.0.0~start: CWD: /Users/andregeng/Documents/unremitting/AndreGeng.github.io
11 silly lifecycle andregeng.github.io@1.0.0~start: Args: [ '-c', 'http-server' ]
12 silly lifecycle andregeng.github.io@1.0.0~start: Returned: code: 1  signal: null
13 info lifecycle andregeng.github.io@1.0.0~start: Failed to exec start script
14 verbose stack Error: andregeng.github.io@1.0.0 start: `http-server`
14 verbose stack Exit status 1
14 verbose stack     at EventEmitter.<anonymous> (/Users/andregeng/.nvm/versions/node/v6.9.4/lib/node_modules/npm/lib/utils/lifecycle.js:255:16)
14 verbose stack     at emitTwo (events.js:106:13)
14 verbose stack     at EventEmitter.emit (events.js:191:7)
14 verbose stack     at ChildProcess.<anonymous> (/Users/andregeng/.nvm/versions/node/v6.9.4/lib/node_modules/npm/lib/utils/spawn.js:40:14)
14 verbose stack     at emitTwo (events.js:106:13)
14 verbose stack     at ChildProcess.emit (events.js:191:7)
14 verbose stack     at maybeClose (internal/child_process.js:877:16)
14 verbose stack     at Process.ChildProcess._handle.onexit (internal/child_process.js:226:5)
15 verbose pkgid andregeng.github.io@1.0.0
16 verbose cwd /Users/andregeng/Documents/unremitting/AndreGeng.github.io
17 error Darwin 16.4.0
18 error argv "/Users/andregeng/.nvm/versions/node/v6.9.4/bin/node" "/Users/andregeng/.nvm/versions/node/v6.9.4/bin/npm" "start"
19 error node v6.9.4
20 error npm  v3.10.10
21 error code ELIFECYCLE
22 error andregeng.github.io@1.0.0 start: `http-server`
22 error Exit status 1
23 error Failed at the andregeng.github.io@1.0.0 start script 'http-server'.
23 error Make sure you have the latest version of node.js and npm installed.
23 error If you do, this is most likely a problem with the andregeng.github.io package,
23 error not with npm itself.
23 error Tell the author that this fails on your system:
23 error     http-server
23 error You can get information on how to open an issue for this project with:
23 error     npm bugs andregeng.github.io
23 error Or if that isn't available, you can get their info via:
23 error     npm owner ls andregeng.github.io
23 error There is likely additional logging output above.
24 verbose exit [ 1, true ]
